cpu
Namespace(batch_size=10, depth=3, device=None, earlystopping_patience=30, generation_only=False, input_file='/home/ubuntu/Exp7_CESM2_r1i1p1f1_historical_Input.nc', input_vars=['cres_pre', 'crel_Pre', 'netTOAcs_Pre', 'clivi_pre', 'clwvi_pre', 'lcloud_pre', 'cresSurf_Pre', 'crelSurf_Pre', 'netSurfcs_Pre'], kernel_size=3, laplacian_type='combinatorial', learning_rate=0.0002, n_epochs=10, output_file='/home/ubuntu/Exp3_CESM2_r1i1p1f1_historical_Output.nc', output_path='output_sunet', output_vars=['tas_pre', 'pr_pre', 'psl_pre'], partition=[0.5, 0.3, 0.2], pooling_class='icosahedron', prediction_shift=None, sequence_length=None, type=None)
Grid level: 3
N pixels: 642
/home/ubuntu/npy_files/Exp7_CESM2_r1i1p1f1_historical_Input_3.npy
/home/ubuntu/npy_files/Exp3_CESM2_r1i1p1f1_historical_Output_3.npy
Gridded input .npy file exists
Gridded output .npy file exists
SphericalUNet(
  (encoder): Encoder(
    (pooling): IcosahedronPool()
    (enc_l2): SphericalChebBN2(
      (spherical_cheb_bn_1): SphericalChebBN(
        (spherical_cheb): SphericalChebConv(
          (chebconv): ChebConv()
        )
        (batchnorm): BatchNorm1d(64, eps=1e-05, momentum=0.1, affine=True, track_running_stats=True)
      )
      (spherical_cheb_bn_2): SphericalChebBN(
        (spherical_cheb): SphericalChebConv(
          (chebconv): ChebConv()
        )
        (batchnorm): BatchNorm1d(128, eps=1e-05, momentum=0.1, affine=True, track_running_stats=True)
      )
    )
    (enc_l1): SphericalChebBNPool(
      (pooling): IcosahedronPool()
      (spherical_cheb_bn): SphericalChebBN(
        (spherical_cheb): SphericalChebConv(
          (chebconv): ChebConv()
        )
        (batchnorm): BatchNorm1d(256, eps=1e-05, momentum=0.1, affine=True, track_running_stats=True)
      )
    )
    (enc_l0): SphericalChebBNPool(
      (pooling): IcosahedronPool()
      (spherical_cheb_bn): SphericalChebBN(
        (spherical_cheb): SphericalChebConv(
          (chebconv): ChebConv()
        )
        (batchnorm): BatchNorm1d(256, eps=1e-05, momentum=0.1, affine=True, track_running_stats=True)
      )
    )
  )
  (decoder): Decoder(
    (unpooling): IcosahedronUnpool()
    (dec_l1): SphericalChebBNPoolConcat(
      (spherical_cheb_bn_pool): SphericalChebBNPool(
        (pooling): IcosahedronUnpool()
        (spherical_cheb_bn): SphericalChebBN(
          (spherical_cheb): SphericalChebConv(
            (chebconv): ChebConv()
          )
          (batchnorm): BatchNorm1d(128, eps=1e-05, momentum=0.1, affine=True, track_running_stats=True)
        )
      )
      (spherical_cheb_bn): SphericalChebBN(
        (spherical_cheb): SphericalChebConv(
          (chebconv): ChebConv()
        )
        (batchnorm): BatchNorm1d(128, eps=1e-05, momentum=0.1, affine=True, track_running_stats=True)
      )
    )
    (dec_l2): SphericalChebBNPoolCheb(
      (spherical_cheb_bn_pool): SphericalChebBNPool(
        (pooling): IcosahedronUnpool()
        (spherical_cheb_bn): SphericalChebBN(
          (spherical_cheb): SphericalChebConv(
            (chebconv): ChebConv()
          )
          (batchnorm): BatchNorm1d(64, eps=1e-05, momentum=0.1, affine=True, track_running_stats=True)
        )
      )
      (spherical_cheb): SphericalChebConv(
        (chebconv): ChebConv()
      )
    )
  )
)
(1980, 642, 9) (1980, 642, 3)
(1980, 642, 9) (1980, 642, 3)
Minibatch step 0 train loss nan
Minibatch step 1 train loss nan
Minibatch step 2 train loss nan
Minibatch step 3 train loss nan
Minibatch step 4 train loss nan
Minibatch step 5 train loss nan
Minibatch step 6 train loss nan
Minibatch step 7 train loss nan
Minibatch step 8 train loss nan
Minibatch step 9 train loss nan
Minibatch step 10 train loss nan
Minibatch step 11 train loss nan
Minibatch step 12 train loss nan
Minibatch step 13 train loss nan
Minibatch step 14 train loss nan
Minibatch step 15 train loss nan
Minibatch step 16 train loss nan
Minibatch step 17 train loss nan
Minibatch step 18 train loss nan
Minibatch step 19 train loss nan
Minibatch step 20 train loss nan
Minibatch step 21 train loss nan
Minibatch step 22 train loss nan
Minibatch step 23 train loss nan
Minibatch step 24 train loss nan
Minibatch step 25 train loss nan
Minibatch step 26 train loss nan
Minibatch step 27 train loss nan
Minibatch step 28 train loss nan
Minibatch step 29 train loss nan
Minibatch step 30 train loss nan
Minibatch step 31 train loss nan
Minibatch step 32 train loss nan
Minibatch step 33 train loss nan
Minibatch step 34 train loss nan
Minibatch step 35 train loss nan
Minibatch step 36 train loss nan
Minibatch step 37 train loss nan
Minibatch step 38 train loss nan
Minibatch step 39 train loss nan
Minibatch step 40 train loss nan
Minibatch step 41 train loss nan
Minibatch step 42 train loss nan
Minibatch step 43 train loss nan
Minibatch step 44 train loss nan
Minibatch step 45 train loss nan
Minibatch step 46 train loss nan
Minibatch step 47 train loss nan
Minibatch step 48 train loss nan
Minibatch step 49 train loss nan
Minibatch step 50 train loss nan
Minibatch step 51 train loss nan
Minibatch step 52 train loss nan
Minibatch step 53 train loss nan
Minibatch step 54 train loss nan
Minibatch step 55 train loss nan
Minibatch step 56 train loss nan
Minibatch step 57 train loss nan
Minibatch step 58 train loss nan
Minibatch step 59 train loss nan
Minibatch step 60 train loss nan
Minibatch step 61 train loss nan
Minibatch step 62 train loss nan
Minibatch step 63 train loss nan
Minibatch step 64 train loss nan
Minibatch step 65 train loss nan
Minibatch step 66 train loss nan
Minibatch step 67 train loss nan
Minibatch step 68 train loss nan
Minibatch step 69 train loss nan
Minibatch step 70 train loss nan
Minibatch step 71 train loss nan
Minibatch step 72 train loss nan
Minibatch step 73 train loss nan
Minibatch step 74 train loss nan
Minibatch step 75 train loss nan
Minibatch step 76 train loss nan
Minibatch step 77 train loss nan
Minibatch step 78 train loss nan
Minibatch step 79 train loss nan
Minibatch step 80 train loss nan
Minibatch step 81 train loss nan
Minibatch step 82 train loss nan
Minibatch step 83 train loss nan
Minibatch step 84 train loss nan
Minibatch step 85 train loss nan
Minibatch step 86 train loss nan
Minibatch step 87 train loss nan
Minibatch step 88 train loss nan
Minibatch step 89 train loss nan
Minibatch step 90 train loss nan
Minibatch step 91 train loss nan
Minibatch step 92 train loss nan
Minibatch step 93 train loss nan
Minibatch step 94 train loss nan
Minibatch step 95 train loss nan
Minibatch step 96 train loss nan
Minibatch step 97 train loss nan
Minibatch step 98 train loss nan
Minibatch step 99 train loss nan
Minibatch step 100 train loss nan
Minibatch step 101 train loss nan
Minibatch step 102 train loss nan
Minibatch step 103 train loss nan
Minibatch step 104 train loss nan
Minibatch step 105 train loss nan
Minibatch step 106 train loss nan
Minibatch step 107 train loss nan
Minibatch step 108 train loss nan
Minibatch step 109 train loss nan
Minibatch step 110 train loss nan
Minibatch step 111 train loss nan
Minibatch step 112 train loss nan
Minibatch step 113 train loss nan
Minibatch step 114 train loss nan
Minibatch step 115 train loss nan
Minibatch step 116 train loss nan
Minibatch step 117 train loss nan
Minibatch step 118 train loss nan
Minibatch step 119 train loss nan
Minibatch step 120 train loss nan
Minibatch step 121 train loss nan
Minibatch step 122 train loss nan
Minibatch step 123 train loss nan
Minibatch step 124 train loss nan
Minibatch step 125 train loss nan
Minibatch step 126 train loss nan
Minibatch step 127 train loss nan
Minibatch step 128 train loss nan
Minibatch step 129 train loss nan
Minibatch step 130 train loss nan
Minibatch step 131 train loss nan
Minibatch step 132 train loss nan
Minibatch step 133 train loss nan
Minibatch step 134 train loss nan
Minibatch step 135 train loss nan
Minibatch step 136 train loss nan
Minibatch step 137 train loss nan
Minibatch step 138 train loss nan
Minibatch step 139 train loss nan
Minibatch step 140 train loss nan
Minibatch step 141 train loss nan
Minibatch step 142 train loss nan
Minibatch step 143 train loss nan
Minibatch step 144 train loss nan
Minibatch step 145 train loss nan